2026-01-20 05:57:03,704 - INFO - ============================================================
2026-01-20 05:57:03,704 - INFO - Logo Downloader gestartet
2026-01-20 05:57:03,705 - INFO - ============================================================
2026-01-20 05:57:03,705 - INFO - Lade Daten aus C:\Users\fhofmann\Documents\Aktien-Tool2\stock_data.csv
2026-01-20 05:57:03,965 - INFO - Gefunden: 2090 Unternehmen
2026-01-20 05:57:03,966 - INFO - 
Starte Download (SKIP_EXISTING=True)...

2026-01-20 05:58:44,988 - WARNING - Retrying (Retry(total=2, connect=None, read=None, redirect=None, status=None)) after connection broken by 'NameResolutionError("<urllib3.connection.HTTPSConnection object at 0x000001D50A701400>: Failed to resolve 'logo.clearbit.com' ([Errno 11001] getaddrinfo failed)")': /shopify..com
2026-01-20 05:58:46,997 - WARNING - Retrying (Retry(total=1, connect=None, read=None, redirect=None, status=None)) after connection broken by 'NameResolutionError("<urllib3.connection.HTTPSConnection object at 0x000001D50A9B4A50>: Failed to resolve 'logo.clearbit.com' ([Errno 11001] getaddrinfo failed)")': /shopify..com
2026-01-20 05:58:51,000 - WARNING - Retrying (Retry(total=0, connect=None, read=None, redirect=None, status=None)) after connection broken by 'NameResolutionError("<urllib3.connection.HTTPSConnection object at 0x000001D50A9B4CD0>: Failed to resolve 'logo.clearbit.com' ([Errno 11001] getaddrinfo failed)")': /shopify..com
2026-01-20 05:58:51,009 - WARNING - Retrying (Retry(total=2, connect=None, read=None, redirect=None, status=None)) after connection broken by 'NameResolutionError("<urllib3.connection.HTTPSConnection object at 0x000001D50A9B5590>: Failed to resolve 'logo.clearbit.com' ([Errno 11001] getaddrinfo failed)")': /shop.com
2026-01-20 05:58:53,012 - WARNING - Retrying (Retry(total=1, connect=None, read=None, redirect=None, status=None)) after connection broken by 'NameResolutionError("<urllib3.connection.HTTPSConnection object at 0x000001D50A9B5810>: Failed to resolve 'logo.clearbit.com' ([Errno 11001] getaddrinfo failed)")': /shop.com
2026-01-20 05:58:57,013 - WARNING - Retrying (Retry(total=0, connect=None, read=None, redirect=None, status=None)) after connection broken by 'NameResolutionError("<urllib3.connection.HTTPSConnection object at 0x000001D50A9B5A90>: Failed to resolve 'logo.clearbit.com' ([Errno 11001] getaddrinfo failed)")': /shop.com
2026-01-20 05:58:57,863 - WARNING - ✗ SHOP (Shopify Inc.): Kein Logo gefunden
2026-01-20 06:17:01,043 - WARNING - Retrying (Retry(total=2, connect=None, read=None, redirect=None, status=None)) after connection broken by 'NameResolutionError("<urllib3.connection.HTTPSConnection object at 0x000001D50A9B6990>: Failed to resolve 'logo.clearbit.com' ([Errno 11001] getaddrinfo failed)")': /nan.com
2026-01-20 06:17:03,047 - WARNING - Retrying (Retry(total=1, connect=None, read=None, redirect=None, status=None)) after connection broken by 'NameResolutionError("<urllib3.connection.HTTPSConnection object at 0x000001D50A9B6E90>: Failed to resolve 'logo.clearbit.com' ([Errno 11001] getaddrinfo failed)")': /nan.com
2026-01-20 06:17:07,050 - WARNING - Retrying (Retry(total=0, connect=None, read=None, redirect=None, status=None)) after connection broken by 'NameResolutionError("<urllib3.connection.HTTPSConnection object at 0x000001D50A9B7110>: Failed to resolve 'logo.clearbit.com' ([Errno 11001] getaddrinfo failed)")': /nan.com
2026-01-20 06:17:07,093 - WARNING - Retrying (Retry(total=2, connect=None, read=None, redirect=None, status=None)) after connection broken by 'NameResolutionError("<urllib3.connection.HTTPSConnection object at 0x000001D50A567ED0>: Failed to resolve 'logo.clearbit.com' ([Errno 11001] getaddrinfo failed)")': /bpac11.com
2026-01-20 06:17:09,094 - WARNING - Retrying (Retry(total=1, connect=None, read=None, redirect=None, status=None)) after connection broken by 'NameResolutionError("<urllib3.connection.HTTPSConnection object at 0x000001D50A9B6990>: Failed to resolve 'logo.clearbit.com' ([Errno 11001] getaddrinfo failed)")': /bpac11.com
2026-01-20 06:17:13,098 - WARNING - Retrying (Retry(total=0, connect=None, read=None, redirect=None, status=None)) after connection broken by 'NameResolutionError("<urllib3.connection.HTTPSConnection object at 0x000001D50A9B7110>: Failed to resolve 'logo.clearbit.com' ([Errno 11001] getaddrinfo failed)")': /bpac11.com
2026-01-20 06:17:13,631 - WARNING - ✗ BPAC11 (nan): Kein Logo gefunden
2026-01-20 06:17:22,667 - WARNING - Retrying (Retry(total=2, connect=None, read=None, redirect=None, status=None)) after connection broken by 'NameResolutionError("<urllib3.connection.HTTPSConnection object at 0x000001D50A9B6FD0>: Failed to resolve 'logo.clearbit.com' ([Errno 11001] getaddrinfo failed)")': /concentraparent,..com
2026-01-20 06:17:24,669 - WARNING - Retrying (Retry(total=1, connect=None, read=None, redirect=None, status=None)) after connection broken by 'NameResolutionError("<urllib3.connection.HTTPSConnection object at 0x000001D50A9B60D0>: Failed to resolve 'logo.clearbit.com' ([Errno 11001] getaddrinfo failed)")': /concentraparent,..com
2026-01-20 06:17:28,672 - WARNING - Retrying (Retry(total=0, connect=None, read=None, redirect=None, status=None)) after connection broken by 'NameResolutionError("<urllib3.connection.HTTPSConnection object at 0x000001D50A9B51D0>: Failed to resolve 'logo.clearbit.com' ([Errno 11001] getaddrinfo failed)")': /concentraparent,..com
2026-01-20 06:17:28,678 - WARNING - Retrying (Retry(total=2, connect=None, read=None, redirect=None, status=None)) after connection broken by 'NameResolutionError("<urllib3.connection.HTTPSConnection object at 0x000001D50A9B5E50>: Failed to resolve 'logo.clearbit.com' ([Errno 11001] getaddrinfo failed)")': /con.com
2026-01-20 06:17:30,680 - WARNING - Retrying (Retry(total=1, connect=None, read=None, redirect=None, status=None)) after connection broken by 'NameResolutionError("<urllib3.connection.HTTPSConnection object at 0x000001D50A9B5950>: Failed to resolve 'logo.clearbit.com' ([Errno 11001] getaddrinfo failed)")': /con.com
2026-01-20 06:17:34,682 - WARNING - Retrying (Retry(total=0, connect=None, read=None, redirect=None, status=None)) after connection broken by 'NameResolutionError("<urllib3.connection.HTTPSConnection object at 0x000001D50A9B5310>: Failed to resolve 'logo.clearbit.com' ([Errno 11001] getaddrinfo failed)")': /con.com
2026-01-20 06:17:35,312 - WARNING - ✗ CON (Concentra Group Holdings Parent, Inc.): Kein Logo gefunden
2026-01-20 06:18:30,796 - WARNING - Retrying (Retry(total=2, connect=None, read=None, redirect=None, status=None)) after connection broken by 'NameResolutionError("<urllib3.connection.HTTPSConnection object at 0x000001D50A9B4E10>: Failed to resolve 'logo.clearbit.com' ([Errno 11001] getaddrinfo failed)")': /recursionpharmaceuticals,..com
2026-01-20 06:18:32,800 - WARNING - Retrying (Retry(total=1, connect=None, read=None, redirect=None, status=None)) after connection broken by 'NameResolutionError("<urllib3.connection.HTTPSConnection object at 0x000001D50A9B4B90>: Failed to resolve 'logo.clearbit.com' ([Errno 11001] getaddrinfo failed)")': /recursionpharmaceuticals,..com
2026-01-20 06:18:36,803 - WARNING - Retrying (Retry(total=0, connect=None, read=None, redirect=None, status=None)) after connection broken by 'NameResolutionError("<urllib3.connection.HTTPSConnection object at 0x000001D50A9B4190>: Failed to resolve 'logo.clearbit.com' ([Errno 11001] getaddrinfo failed)")': /recursionpharmaceuticals,..com
2026-01-20 06:18:36,805 - WARNING - Retrying (Retry(total=2, connect=None, read=None, redirect=None, status=None)) after connection broken by 'NameResolutionError("<urllib3.connection.HTTPSConnection object at 0x000001D50A9B79D0>: Failed to resolve 'logo.clearbit.com' ([Errno 11001] getaddrinfo failed)")': /rec.com
2026-01-20 06:18:38,806 - WARNING - Retrying (Retry(total=1, connect=None, read=None, redirect=None, status=None)) after connection broken by 'NameResolutionError("<urllib3.connection.HTTPSConnection object at 0x000001D50A9B7C50>: Failed to resolve 'logo.clearbit.com' ([Errno 11001] getaddrinfo failed)")': /rec.com
2026-01-20 06:18:42,807 - WARNING - Retrying (Retry(total=0, connect=None, read=None, redirect=None, status=None)) after connection broken by 'NameResolutionError("<urllib3.connection.HTTPSConnection object at 0x000001D50A9B7ED0>: Failed to resolve 'logo.clearbit.com' ([Errno 11001] getaddrinfo failed)")': /rec.com
2026-01-20 06:18:43,111 - WARNING - ✗ REC (Recursion Pharmaceuticals, Inc.): Kein Logo gefunden
2026-01-20 06:22:13,945 - WARNING - Retrying (Retry(total=2, connect=None, read=None, redirect=None, status=None)) after connection broken by 'NameResolutionError("<urllib3.connection.HTTPSConnection object at 0x000001D50A9E4410>: Failed to resolve 'logo.clearbit.com' ([Errno 11001] getaddrinfo failed)")': /chinaamcglobaletfseries-chinaamchangsengtechindexetf.com
2026-01-20 06:22:15,950 - WARNING - Retrying (Retry(total=1, connect=None, read=None, redirect=None, status=None)) after connection broken by 'NameResolutionError("<urllib3.connection.HTTPSConnection object at 0x000001D50A9E47D0>: Failed to resolve 'logo.clearbit.com' ([Errno 11001] getaddrinfo failed)")': /chinaamcglobaletfseries-chinaamchangsengtechindexetf.com
2026-01-20 06:22:19,951 - WARNING - Retrying (Retry(total=0, connect=None, read=None, redirect=None, status=None)) after connection broken by 'NameResolutionError("<urllib3.connection.HTTPSConnection object at 0x000001D50A9E4A50>: Failed to resolve 'logo.clearbit.com' ([Errno 11001] getaddrinfo failed)")': /chinaamcglobaletfseries-chinaamchangsengtechindexetf.com
2026-01-20 06:22:19,955 - WARNING - Retrying (Retry(total=2, connect=None, read=None, redirect=None, status=None)) after connection broken by 'NameResolutionError("<urllib3.connection.HTTPSConnection object at 0x000001D50A9E5090>: Failed to resolve 'logo.clearbit.com' ([Errno 11001] getaddrinfo failed)")': /3088.com
2026-01-20 06:22:21,956 - WARNING - Retrying (Retry(total=1, connect=None, read=None, redirect=None, status=None)) after connection broken by 'NameResolutionError("<urllib3.connection.HTTPSConnection object at 0x000001D50A9E5310>: Failed to resolve 'logo.clearbit.com' ([Errno 11001] getaddrinfo failed)")': /3088.com
2026-01-20 06:22:25,956 - WARNING - Retrying (Retry(total=0, connect=None, read=None, redirect=None, status=None)) after connection broken by 'NameResolutionError("<urllib3.connection.HTTPSConnection object at 0x000001D50A9E5590>: Failed to resolve 'logo.clearbit.com' ([Errno 11001] getaddrinfo failed)")': /3088.com
2026-01-20 06:22:26,343 - WARNING - ✗ 3088 (ChinaAMC Global ETF Series - ChinaAMC Hang Seng Tech Index ETF): Kein Logo gefunden
2026-01-20 06:22:40,404 - WARNING - Retrying (Retry(total=2, connect=None, read=None, redirect=None, status=None)) after connection broken by 'NameResolutionError("<urllib3.connection.HTTPSConnection object at 0x000001D50A9E5A90>: Failed to resolve 'logo.clearbit.com' ([Errno 11001] getaddrinfo failed)")': /qfin,..com
2026-01-20 06:22:42,405 - WARNING - Retrying (Retry(total=1, connect=None, read=None, redirect=None, status=None)) after connection broken by 'NameResolutionError("<urllib3.connection.HTTPSConnection object at 0x000001D50A9E5E50>: Failed to resolve 'logo.clearbit.com' ([Errno 11001] getaddrinfo failed)")': /qfin,..com
2026-01-20 06:22:46,406 - WARNING - Retrying (Retry(total=0, connect=None, read=None, redirect=None, status=None)) after connection broken by 'NameResolutionError("<urllib3.connection.HTTPSConnection object at 0x000001D50A9E60D0>: Failed to resolve 'logo.clearbit.com' ([Errno 11001] getaddrinfo failed)")': /qfin,..com
2026-01-20 06:22:46,410 - WARNING - Retrying (Retry(total=2, connect=None, read=None, redirect=None, status=None)) after connection broken by 'NameResolutionError("<urllib3.connection.HTTPSConnection object at 0x000001D50A9E65D0>: Failed to resolve 'logo.clearbit.com' ([Errno 11001] getaddrinfo failed)")': /qfin.com
2026-01-20 06:22:48,411 - WARNING - Retrying (Retry(total=1, connect=None, read=None, redirect=None, status=None)) after connection broken by 'NameResolutionError("<urllib3.connection.HTTPSConnection object at 0x000001D50A9E6990>: Failed to resolve 'logo.clearbit.com' ([Errno 11001] getaddrinfo failed)")': /qfin.com
2026-01-20 06:22:52,412 - WARNING - Retrying (Retry(total=0, connect=None, read=None, redirect=None, status=None)) after connection broken by 'NameResolutionError("<urllib3.connection.HTTPSConnection object at 0x000001D50A9E6C10>: Failed to resolve 'logo.clearbit.com' ([Errno 11001] getaddrinfo failed)")': /qfin.com
2026-01-20 06:22:52,706 - WARNING - ✗ QFIN (Qfin Holdings, Inc.): Kein Logo gefunden
2026-01-20 06:23:31,846 - WARNING - Retrying (Retry(total=2, connect=None, read=None, redirect=None, status=None)) after connection broken by 'NameResolutionError("<urllib3.connection.HTTPSConnection object at 0x000001D50A9E7110>: Failed to resolve 'logo.clearbit.com' ([Errno 11001] getaddrinfo failed)")': /gesheracquisition.ii.com
2026-01-20 06:23:33,853 - WARNING - Retrying (Retry(total=1, connect=None, read=None, redirect=None, status=None)) after connection broken by 'NameResolutionError("<urllib3.connection.HTTPSConnection object at 0x000001D50A9E74D0>: Failed to resolve 'logo.clearbit.com' ([Errno 11001] getaddrinfo failed)")': /gesheracquisition.ii.com
2026-01-20 06:23:37,855 - WARNING - Retrying (Retry(total=0, connect=None, read=None, redirect=None, status=None)) after connection broken by 'NameResolutionError("<urllib3.connection.HTTPSConnection object at 0x000001D50A9E7750>: Failed to resolve 'logo.clearbit.com' ([Errno 11001] getaddrinfo failed)")': /gesheracquisition.ii.com
2026-01-20 06:23:37,861 - WARNING - Retrying (Retry(total=2, connect=None, read=None, redirect=None, status=None)) after connection broken by 'NameResolutionError("<urllib3.connection.HTTPSConnection object at 0x000001D50A9E7D90>: Failed to resolve 'logo.clearbit.com' ([Errno 11001] getaddrinfo failed)")': /ac*.com
2026-01-20 06:23:39,863 - WARNING - Retrying (Retry(total=1, connect=None, read=None, redirect=None, status=None)) after connection broken by 'NameResolutionError("<urllib3.connection.HTTPSConnection object at 0x000001D50AA1C050>: Failed to resolve 'logo.clearbit.com' ([Errno 11001] getaddrinfo failed)")': /ac*.com
2026-01-20 06:23:43,867 - WARNING - Retrying (Retry(total=0, connect=None, read=None, redirect=None, status=None)) after connection broken by 'NameResolutionError("<urllib3.connection.HTTPSConnection object at 0x000001D50AA1C2D0>: Failed to resolve 'logo.clearbit.com' ([Errno 11001] getaddrinfo failed)")': /ac*.com
2026-01-20 06:23:44,515 - WARNING - ✗ AC* (Gesher Acquisition Corp. II): Kein Logo gefunden
2026-01-20 06:23:46,536 - WARNING - Retrying (Retry(total=2, connect=None, read=None, redirect=None, status=None)) after connection broken by 'NameResolutionError("<urllib3.connection.HTTPSConnection object at 0x000001D50A567ED0>: Failed to resolve 'logo.clearbit.com' ([Errno 11001] getaddrinfo failed)")': /kanzhun.com
2026-01-20 06:23:48,537 - WARNING - Retrying (Retry(total=1, connect=None, read=None, redirect=None, status=None)) after connection broken by 'NameResolutionError("<urllib3.connection.HTTPSConnection object at 0x000001D50A9B7C50>: Failed to resolve 'logo.clearbit.com' ([Errno 11001] getaddrinfo failed)")': /kanzhun.com
2026-01-20 06:23:52,541 - WARNING - Retrying (Retry(total=0, connect=None, read=None, redirect=None, status=None)) after connection broken by 'NameResolutionError("<urllib3.connection.HTTPSConnection object at 0x000001D50A9B7D90>: Failed to resolve 'logo.clearbit.com' ([Errno 11001] getaddrinfo failed)")': /kanzhun.com
2026-01-20 06:23:52,546 - WARNING - Retrying (Retry(total=2, connect=None, read=None, redirect=None, status=None)) after connection broken by 'NameResolutionError("<urllib3.connection.HTTPSConnection object at 0x000001D50A9B4B90>: Failed to resolve 'logo.clearbit.com' ([Errno 11001] getaddrinfo failed)")': /bz.com
2026-01-20 06:23:54,550 - WARNING - Retrying (Retry(total=1, connect=None, read=None, redirect=None, status=None)) after connection broken by 'NameResolutionError("<urllib3.connection.HTTPSConnection object at 0x000001D50A9B47D0>: Failed to resolve 'logo.clearbit.com' ([Errno 11001] getaddrinfo failed)")': /bz.com
2026-01-20 06:23:58,555 - WARNING - Retrying (Retry(total=0, connect=None, read=None, redirect=None, status=None)) after connection broken by 'NameResolutionError("<urllib3.connection.HTTPSConnection object at 0x000001D50A9B4F50>: Failed to resolve 'logo.clearbit.com' ([Errno 11001] getaddrinfo failed)")': /bz.com
2026-01-20 06:23:58,861 - WARNING - ✗ BZ (Kanzhun Limited): Kein Logo gefunden
2026-01-20 06:24:20,924 - WARNING - Retrying (Retry(total=2, connect=None, read=None, redirect=None, status=None)) after connection broken by 'NameResolutionError("<urllib3.connection.HTTPSConnection object at 0x000001D50A9B5950>: Failed to resolve 'logo.clearbit.com' ([Errno 11001] getaddrinfo failed)")': /coca-colafemsa,b.dec.v..com
2026-01-20 06:24:22,926 - WARNING - Retrying (Retry(total=1, connect=None, read=None, redirect=None, status=None)) after connection broken by 'NameResolutionError("<urllib3.connection.HTTPSConnection object at 0x000001D50A9B4CD0>: Failed to resolve 'logo.clearbit.com' ([Errno 11001] getaddrinfo failed)")': /coca-colafemsa,b.dec.v..com
2026-01-20 06:24:26,928 - WARNING - Retrying (Retry(total=0, connect=None, read=None, redirect=None, status=None)) after connection broken by 'NameResolutionError("<urllib3.connection.HTTPSConnection object at 0x000001D50A9B56D0>: Failed to resolve 'logo.clearbit.com' ([Errno 11001] getaddrinfo failed)")': /coca-colafemsa,b.dec.v..com
2026-01-20 06:24:26,937 - WARNING - Retrying (Retry(total=2, connect=None, read=None, redirect=None, status=None)) after connection broken by 'NameResolutionError("<urllib3.connection.HTTPSConnection object at 0x000001D50A9B51D0>: Failed to resolve 'logo.clearbit.com' ([Errno 11001] getaddrinfo failed)")': /kofubl.com
2026-01-20 06:24:28,939 - WARNING - Retrying (Retry(total=1, connect=None, read=None, redirect=None, status=None)) after connection broken by 'NameResolutionError("<urllib3.connection.HTTPSConnection object at 0x000001D50A9B5A90>: Failed to resolve 'logo.clearbit.com' ([Errno 11001] getaddrinfo failed)")': /kofubl.com
2026-01-20 06:24:32,941 - WARNING - Retrying (Retry(total=0, connect=None, read=None, redirect=None, status=None)) after connection broken by 'NameResolutionError("<urllib3.connection.HTTPSConnection object at 0x000001D50A9B5450>: Failed to resolve 'logo.clearbit.com' ([Errno 11001] getaddrinfo failed)")': /kofubl.com
2026-01-20 06:24:33,579 - WARNING - ✗ KOFUBL (Coca-Cola FEMSA, S.A.B. de C.V.): Kein Logo gefunden
2026-01-20 06:26:22,843 - WARNING - Retrying (Retry(total=2, connect=None, read=None, redirect=None, status=None)) after connection broken by 'NameResolutionError("<urllib3.connection.HTTPSConnection object at 0x000001D50A9B7110>: Failed to resolve 'logo.clearbit.com' ([Errno 11001] getaddrinfo failed)")': /pen/xdr.com
2026-01-20 06:26:24,845 - WARNING - Retrying (Retry(total=1, connect=None, read=None, redirect=None, status=None)) after connection broken by 'NameResolutionError("<urllib3.connection.HTTPSConnection object at 0x000001D50A9B7390>: Failed to resolve 'logo.clearbit.com' ([Errno 11001] getaddrinfo failed)")': /pen/xdr.com
2026-01-20 06:26:28,846 - WARNING - Retrying (Retry(total=0, connect=None, read=None, redirect=None, status=None)) after connection broken by 'NameResolutionError("<urllib3.connection.HTTPSConnection object at 0x000001D50A9B7750>: Failed to resolve 'logo.clearbit.com' ([Errno 11001] getaddrinfo failed)")': /pen/xdr.com
2026-01-20 06:26:28,853 - WARNING - Retrying (Retry(total=2, connect=None, read=None, redirect=None, status=None)) after connection broken by 'NameResolutionError("<urllib3.connection.HTTPSConnection object at 0x000001D50AA04410>: Failed to resolve 'logo.clearbit.com' ([Errno 11001] getaddrinfo failed)")': /pe&oles*.com
2026-01-20 06:26:30,855 - WARNING - Retrying (Retry(total=1, connect=None, read=None, redirect=None, status=None)) after connection broken by 'NameResolutionError("<urllib3.connection.HTTPSConnection object at 0x000001D50AA047D0>: Failed to resolve 'logo.clearbit.com' ([Errno 11001] getaddrinfo failed)")': /pe&oles*.com
2026-01-20 06:26:34,858 - WARNING - Retrying (Retry(total=0, connect=None, read=None, redirect=None, status=None)) after connection broken by 'NameResolutionError("<urllib3.connection.HTTPSConnection object at 0x000001D50AA04A50>: Failed to resolve 'logo.clearbit.com' ([Errno 11001] getaddrinfo failed)")': /pe&oles*.com
2026-01-20 06:26:35,262 - WARNING - ✗ PE&OLES* (PEN/XDR): Kein Logo gefunden
2026-01-20 06:27:01,446 - WARNING - Retrying (Retry(total=2, connect=None, read=None, redirect=None, status=None)) after connection broken by 'NameResolutionError("<urllib3.connection.HTTPSConnection object at 0x000001D50AA04F50>: Failed to resolve 'logo.clearbit.com' ([Errno 11001] getaddrinfo failed)")': /brookfieldrenewable.com
2026-01-20 06:27:03,447 - WARNING - Retrying (Retry(total=1, connect=None, read=None, redirect=None, status=None)) after connection broken by 'NameResolutionError("<urllib3.connection.HTTPSConnection object at 0x000001D50AA05310>: Failed to resolve 'logo.clearbit.com' ([Errno 11001] getaddrinfo failed)")': /brookfieldrenewable.com
2026-01-20 06:27:07,462 - WARNING - Retrying (Retry(total=0, connect=None, read=None, redirect=None, status=None)) after connection broken by 'NameResolutionError("<urllib3.connection.HTTPSConnection object at 0x000001D50AA05590>: Failed to resolve 'logo.clearbit.com' ([Errno 11001] getaddrinfo failed)")': /brookfieldrenewable.com
2026-01-20 06:27:07,464 - WARNING - Retrying (Retry(total=2, connect=None, read=None, redirect=None, status=None)) after connection broken by 'NameResolutionError("<urllib3.connection.HTTPSConnection object at 0x000001D50AA05BD0>: Failed to resolve 'logo.clearbit.com' ([Errno 11001] getaddrinfo failed)")': /bepc.com
2026-01-20 06:27:09,464 - WARNING - Retrying (Retry(total=1, connect=None, read=None, redirect=None, status=None)) after connection broken by 'NameResolutionError("<urllib3.connection.HTTPSConnection object at 0x000001D50AA05E50>: Failed to resolve 'logo.clearbit.com' ([Errno 11001] getaddrinfo failed)")': /bepc.com
2026-01-20 06:27:13,467 - WARNING - Retrying (Retry(total=0, connect=None, read=None, redirect=None, status=None)) after connection broken by 'NameResolutionError("<urllib3.connection.HTTPSConnection object at 0x000001D50AA060D0>: Failed to resolve 'logo.clearbit.com' ([Errno 11001] getaddrinfo failed)")': /bepc.com
2026-01-20 06:27:14,079 - WARNING - ✗ BEPC (Brookfield Renewable Corporation): Kein Logo gefunden
2026-01-20 06:29:07,338 - WARNING - Retrying (Retry(total=2, connect=None, read=None, redirect=None, status=None)) after connection broken by 'NameResolutionError("<urllib3.connection.HTTPSConnection object at 0x000001D50AA065D0>: Failed to resolve 'logo.clearbit.com' ([Errno 11001] getaddrinfo failed)")': /naturalresourcepartnersl.p..com
2026-01-20 06:29:09,339 - WARNING - Retrying (Retry(total=1, connect=None, read=None, redirect=None, status=None)) after connection broken by 'NameResolutionError("<urllib3.connection.HTTPSConnection object at 0x000001D50AA06990>: Failed to resolve 'logo.clearbit.com' ([Errno 11001] getaddrinfo failed)")': /naturalresourcepartnersl.p..com
2026-01-20 06:29:13,340 - WARNING - Retrying (Retry(total=0, connect=None, read=None, redirect=None, status=None)) after connection broken by 'NameResolutionError("<urllib3.connection.HTTPSConnection object at 0x000001D50AA06C10>: Failed to resolve 'logo.clearbit.com' ([Errno 11001] getaddrinfo failed)")': /naturalresourcepartnersl.p..com
2026-01-20 06:29:13,347 - WARNING - Retrying (Retry(total=2, connect=None, read=None, redirect=None, status=None)) after connection broken by 'NameResolutionError("<urllib3.connection.HTTPSConnection object at 0x000001D50AA07250>: Failed to resolve 'logo.clearbit.com' ([Errno 11001] getaddrinfo failed)")': /nrp.com
2026-01-20 06:29:15,349 - WARNING - Retrying (Retry(total=1, connect=None, read=None, redirect=None, status=None)) after connection broken by 'NameResolutionError("<urllib3.connection.HTTPSConnection object at 0x000001D50AA074D0>: Failed to resolve 'logo.clearbit.com' ([Errno 11001] getaddrinfo failed)")': /nrp.com
2026-01-20 06:29:19,350 - WARNING - Retrying (Retry(total=0, connect=None, read=None, redirect=None, status=None)) after connection broken by 'NameResolutionError("<urllib3.connection.HTTPSConnection object at 0x000001D50AA07750>: Failed to resolve 'logo.clearbit.com' ([Errno 11001] getaddrinfo failed)")': /nrp.com
2026-01-20 06:29:20,060 - WARNING - ✗ NRP (Natural Resource Partners L.P.): Kein Logo gefunden
2026-01-20 06:30:05,211 - WARNING - Retrying (Retry(total=2, connect=None, read=None, redirect=None, status=None)) after connection broken by 'NameResolutionError("<urllib3.connection.HTTPSConnection object at 0x000001D50AA07C50>: Failed to resolve 'logo.clearbit.com' ([Errno 11001] getaddrinfo failed)")': /autohome..com
2026-01-20 06:30:07,212 - WARNING - Retrying (Retry(total=1, connect=None, read=None, redirect=None, status=None)) after connection broken by 'NameResolutionError("<urllib3.connection.HTTPSConnection object at 0x000001D50A9C4050>: Failed to resolve 'logo.clearbit.com' ([Errno 11001] getaddrinfo failed)")': /autohome..com
2026-01-20 06:30:11,217 - WARNING - Retrying (Retry(total=0, connect=None, read=None, redirect=None, status=None)) after connection broken by 'NameResolutionError("<urllib3.connection.HTTPSConnection object at 0x000001D50A9C42D0>: Failed to resolve 'logo.clearbit.com' ([Errno 11001] getaddrinfo failed)")': /autohome..com
2026-01-20 06:30:11,224 - WARNING - Retrying (Retry(total=2, connect=None, read=None, redirect=None, status=None)) after connection broken by 'NameResolutionError("<urllib3.connection.HTTPSConnection object at 0x000001D50A9C47D0>: Failed to resolve 'logo.clearbit.com' ([Errno 11001] getaddrinfo failed)")': /athm.com
2026-01-20 06:30:13,228 - WARNING - Retrying (Retry(total=1, connect=None, read=None, redirect=None, status=None)) after connection broken by 'NameResolutionError("<urllib3.connection.HTTPSConnection object at 0x000001D50A9C4B90>: Failed to resolve 'logo.clearbit.com' ([Errno 11001] getaddrinfo failed)")': /athm.com
2026-01-20 06:30:17,229 - WARNING - Retrying (Retry(total=0, connect=None, read=None, redirect=None, status=None)) after connection broken by 'NameResolutionError("<urllib3.connection.HTTPSConnection object at 0x000001D50A567ED0>: Failed to resolve 'logo.clearbit.com' ([Errno 11001] getaddrinfo failed)")': /athm.com
2026-01-20 06:30:17,535 - WARNING - ✗ ATHM (Autohome Inc.): Kein Logo gefunden
2026-01-20 06:31:31,726 - WARNING - Retrying (Retry(total=2, connect=None, read=None, redirect=None, status=None)) after connection broken by 'NameResolutionError("<urllib3.connection.HTTPSConnection object at 0x000001D50A9B6E90>: Failed to resolve 'logo.clearbit.com' ([Errno 11001] getaddrinfo failed)")': /shandongweigaomedicalpolymer.com
2026-01-20 06:31:33,728 - WARNING - Retrying (Retry(total=1, connect=None, read=None, redirect=None, status=None)) after connection broken by 'NameResolutionError("<urllib3.connection.HTTPSConnection object at 0x000001D50A9B51D0>: Failed to resolve 'logo.clearbit.com' ([Errno 11001] getaddrinfo failed)")': /shandongweigaomedicalpolymer.com
2026-01-20 06:31:37,733 - WARNING - Retrying (Retry(total=0, connect=None, read=None, redirect=None, status=None)) after connection broken by 'NameResolutionError("<urllib3.connection.HTTPSConnection object at 0x000001D50A9B5450>: Failed to resolve 'logo.clearbit.com' ([Errno 11001] getaddrinfo failed)")': /shandongweigaomedicalpolymer.com
2026-01-20 06:31:37,738 - WARNING - Retrying (Retry(total=2, connect=None, read=None, redirect=None, status=None)) after connection broken by 'NameResolutionError("<urllib3.connection.HTTPSConnection object at 0x000001D50A9B5810>: Failed to resolve 'logo.clearbit.com' ([Errno 11001] getaddrinfo failed)")': /1066.com
2026-01-20 06:31:39,739 - WARNING - Retrying (Retry(total=1, connect=None, read=None, redirect=None, status=None)) after connection broken by 'NameResolutionError("<urllib3.connection.HTTPSConnection object at 0x000001D50A9B5950>: Failed to resolve 'logo.clearbit.com' ([Errno 11001] getaddrinfo failed)")': /1066.com
2026-01-20 06:31:43,741 - WARNING - Retrying (Retry(total=0, connect=None, read=None, redirect=None, status=None)) after connection broken by 'NameResolutionError("<urllib3.connection.HTTPSConnection object at 0x000001D50A9B56D0>: Failed to resolve 'logo.clearbit.com' ([Errno 11001] getaddrinfo failed)")': /1066.com
2026-01-20 06:31:44,365 - WARNING - ✗ 1066 (Shandong Weigao Group Medical Polymer Company Limited): Kein Logo gefunden
2026-01-20 06:33:44,654 - WARNING - Retrying (Retry(total=2, connect=None, read=None, redirect=None, status=None)) after connection broken by 'NameResolutionError("<urllib3.connection.HTTPSConnection object at 0x000001D50A9B4050>: Failed to resolve 'logo.clearbit.com' ([Errno 11001] getaddrinfo failed)")': /vaneckpharmaceuticaletf.com
2026-01-20 06:33:46,656 - WARNING - Retrying (Retry(total=1, connect=None, read=None, redirect=None, status=None)) after connection broken by 'NameResolutionError("<urllib3.connection.HTTPSConnection object at 0x000001D50A9B4B90>: Failed to resolve 'logo.clearbit.com' ([Errno 11001] getaddrinfo failed)")': /vaneckpharmaceuticaletf.com
2026-01-20 06:33:50,659 - WARNING - Retrying (Retry(total=0, connect=None, read=None, redirect=None, status=None)) after connection broken by 'NameResolutionError("<urllib3.connection.HTTPSConnection object at 0x000001D50A9B4F50>: Failed to resolve 'logo.clearbit.com' ([Errno 11001] getaddrinfo failed)")': /vaneckpharmaceuticaletf.com
2026-01-20 06:33:50,667 - WARNING - Retrying (Retry(total=2, connect=None, read=None, redirect=None, status=None)) after connection broken by 'NameResolutionError("<urllib3.connection.HTTPSConnection object at 0x000001D50A9B42D0>: Failed to resolve 'logo.clearbit.com' ([Errno 11001] getaddrinfo failed)")': /pph.com
2026-01-20 06:33:52,669 - WARNING - Retrying (Retry(total=1, connect=None, read=None, redirect=None, status=None)) after connection broken by 'NameResolutionError("<urllib3.connection.HTTPSConnection object at 0x000001D50A9B7C50>: Failed to resolve 'logo.clearbit.com' ([Errno 11001] getaddrinfo failed)")': /pph.com
2026-01-20 06:33:56,671 - WARNING - Retrying (Retry(total=0, connect=None, read=None, redirect=None, status=None)) after connection broken by 'NameResolutionError("<urllib3.connection.HTTPSConnection object at 0x000001D50A9B7890>: Failed to resolve 'logo.clearbit.com' ([Errno 11001] getaddrinfo failed)")': /pph.com
2026-01-20 06:33:57,380 - WARNING - ✗ PPH (VanEck Pharmaceutical ETF): Kein Logo gefunden
2026-01-20 06:34:01,392 - WARNING - Retrying (Retry(total=2, connect=None, read=None, redirect=None, status=None)) after connection broken by 'NameResolutionError("<urllib3.connection.HTTPSConnection object at 0x000001D50A9B79D0>: Failed to resolve 'logo.clearbit.com' ([Errno 11001] getaddrinfo failed)")': /okamurafoods.,..com
2026-01-20 06:34:03,394 - WARNING - Retrying (Retry(total=1, connect=None, read=None, redirect=None, status=None)) after connection broken by 'NameResolutionError("<urllib3.connection.HTTPSConnection object at 0x000001D50A9C42D0>: Failed to resolve 'logo.clearbit.com' ([Errno 11001] getaddrinfo failed)")': /okamurafoods.,..com
2026-01-20 06:34:07,399 - WARNING - Retrying (Retry(total=0, connect=None, read=None, redirect=None, status=None)) after connection broken by 'NameResolutionError("<urllib3.connection.HTTPSConnection object at 0x000001D50A9C4690>: Failed to resolve 'logo.clearbit.com' ([Errno 11001] getaddrinfo failed)")': /okamurafoods.,..com
2026-01-20 06:34:07,405 - WARNING - Retrying (Retry(total=2, connect=None, read=None, redirect=None, status=None)) after connection broken by 'NameResolutionError("<urllib3.connection.HTTPSConnection object at 0x000001D50A9C5090>: Failed to resolve 'logo.clearbit.com' ([Errno 11001] getaddrinfo failed)")': /2938.com
2026-01-20 06:34:09,407 - WARNING - Retrying (Retry(total=1, connect=None, read=None, redirect=None, status=None)) after connection broken by 'NameResolutionError("<urllib3.connection.HTTPSConnection object at 0x000001D50A9C5310>: Failed to resolve 'logo.clearbit.com' ([Errno 11001] getaddrinfo failed)")': /2938.com
2026-01-20 06:34:13,410 - WARNING - Retrying (Retry(total=0, connect=None, read=None, redirect=None, status=None)) after connection broken by 'NameResolutionError("<urllib3.connection.HTTPSConnection object at 0x000001D50A9C5590>: Failed to resolve 'logo.clearbit.com' ([Errno 11001] getaddrinfo failed)")': /2938.com
2026-01-20 06:34:14,038 - WARNING - ✗ 2938 (Okamura Foods Co., Ltd.): Kein Logo gefunden
2026-01-20 06:35:07,143 - WARNING - Retrying (Retry(total=2, connect=None, read=None, redirect=None, status=None)) after connection broken by 'NameResolutionError("<urllib3.connection.HTTPSConnection object at 0x000001D50A9C5A90>: Failed to resolve 'logo.clearbit.com' ([Errno 11001] getaddrinfo failed)")': /nan.com
2026-01-20 06:35:09,145 - WARNING - Retrying (Retry(total=1, connect=None, read=None, redirect=None, status=None)) after connection broken by 'NameResolutionError("<urllib3.connection.HTTPSConnection object at 0x000001D50A9C5E50>: Failed to resolve 'logo.clearbit.com' ([Errno 11001] getaddrinfo failed)")': /nan.com
2026-01-20 06:35:13,147 - WARNING - Retrying (Retry(total=0, connect=None, read=None, redirect=None, status=None)) after connection broken by 'NameResolutionError("<urllib3.connection.HTTPSConnection object at 0x000001D50A9C60D0>: Failed to resolve 'logo.clearbit.com' ([Errno 11001] getaddrinfo failed)")': /nan.com
2026-01-20 06:35:13,154 - WARNING - Retrying (Retry(total=2, connect=None, read=None, redirect=None, status=None)) after connection broken by 'NameResolutionError("<urllib3.connection.HTTPSConnection object at 0x000001D50A9C65D0>: Failed to resolve 'logo.clearbit.com' ([Errno 11001] getaddrinfo failed)")': /itsa2.com
2026-01-20 06:35:15,156 - WARNING - Retrying (Retry(total=1, connect=None, read=None, redirect=None, status=None)) after connection broken by 'NameResolutionError("<urllib3.connection.HTTPSConnection object at 0x000001D50A9C6990>: Failed to resolve 'logo.clearbit.com' ([Errno 11001] getaddrinfo failed)")': /itsa2.com
2026-01-20 06:35:19,157 - WARNING - Retrying (Retry(total=0, connect=None, read=None, redirect=None, status=None)) after connection broken by 'NameResolutionError("<urllib3.connection.HTTPSConnection object at 0x000001D50A9C6C10>: Failed to resolve 'logo.clearbit.com' ([Errno 11001] getaddrinfo failed)")': /itsa2.com
2026-01-20 06:35:19,426 - WARNING - ✗ ITSA2 (nan): Kein Logo gefunden
2026-01-20 06:35:36,850 - INFO - 
============================================================
2026-01-20 06:35:36,851 - INFO - ZUSAMMENFASSUNG
2026-01-20 06:35:36,851 - INFO - ============================================================
2026-01-20 06:35:36,852 - INFO - Gesamt:              2090
2026-01-20 06:35:36,852 - INFO - Erfolgreich:         2073
2026-01-20 06:35:36,852 - INFO -   - Bereits vorhanden: 2073
2026-01-20 06:35:36,852 - INFO -   - Neu heruntergeladen: 0
2026-01-20 06:35:36,853 - INFO - Fehlgeschlagen:      17
2026-01-20 06:35:36,853 - INFO - 
2026-01-20 06:35:37,087 - INFO - 
Fehlgeschlagene Downloads gespeichert in: C:\Users\fhofmann\Documents\Aktien-Tool2\logos_failed.csv
2026-01-20 06:35:37,087 - INFO - Anzahl: 17
2026-01-20 06:35:37,087 - INFO - 
============================================================
2026-01-20 06:35:37,087 - INFO - Logo Download abgeschlossen!
2026-01-20 06:35:37,087 - INFO - ============================================================
2026-01-20 06:35:49,761 - INFO - ============================================================
2026-01-20 06:35:49,761 - INFO - Logo Downloader gestartet
2026-01-20 06:35:49,762 - INFO - ============================================================
2026-01-20 06:35:49,763 - INFO - Lade Daten aus C:\Users\fhofmann\Documents\Aktien-Tool2\stock_data.csv
2026-01-20 06:35:49,846 - INFO - Gefunden: 2090 Unternehmen
2026-01-20 06:35:49,847 - INFO - 
Starte Download (SKIP_EXISTING=True)...

2026-01-20 06:35:49,913 - WARNING - Retrying (Retry(total=2, connect=None, read=None, redirect=None, status=None)) after connection broken by 'NameResolutionError("<urllib3.connection.HTTPSConnection object at 0x0000017E5EEE1400>: Failed to resolve 'logo.clearbit.com' ([Errno 11001] getaddrinfo failed)")': /shopify..com
2026-01-20 06:35:51,914 - WARNING - Retrying (Retry(total=1, connect=None, read=None, redirect=None, status=None)) after connection broken by 'NameResolutionError("<urllib3.connection.HTTPSConnection object at 0x0000017E5F194A50>: Failed to resolve 'logo.clearbit.com' ([Errno 11001] getaddrinfo failed)")': /shopify..com
2026-01-20 06:35:55,917 - WARNING - Retrying (Retry(total=0, connect=None, read=None, redirect=None, status=None)) after connection broken by 'NameResolutionError("<urllib3.connection.HTTPSConnection object at 0x0000017E5F194CD0>: Failed to resolve 'logo.clearbit.com' ([Errno 11001] getaddrinfo failed)")': /shopify..com
2026-01-20 06:35:55,921 - WARNING - Retrying (Retry(total=2, connect=None, read=None, redirect=None, status=None)) after connection broken by 'NameResolutionError("<urllib3.connection.HTTPSConnection object at 0x0000017E5F195590>: Failed to resolve 'logo.clearbit.com' ([Errno 11001] getaddrinfo failed)")': /shop.com
2026-01-20 06:35:57,922 - WARNING - Retrying (Retry(total=1, connect=None, read=None, redirect=None, status=None)) after connection broken by 'NameResolutionError("<urllib3.connection.HTTPSConnection object at 0x0000017E5F195810>: Failed to resolve 'logo.clearbit.com' ([Errno 11001] getaddrinfo failed)")': /shop.com
2026-01-20 06:36:01,923 - WARNING - Retrying (Retry(total=0, connect=None, read=None, redirect=None, status=None)) after connection broken by 'NameResolutionError("<urllib3.connection.HTTPSConnection object at 0x0000017E5F195A90>: Failed to resolve 'logo.clearbit.com' ([Errno 11001] getaddrinfo failed)")': /shop.com
2026-01-20 06:36:02,701 - WARNING - ✗ SHOP (Shopify Inc.): Kein Logo gefunden
2026-01-20 06:36:03,910 - WARNING - Retrying (Retry(total=2, connect=None, read=None, redirect=None, status=None)) after connection broken by 'NameResolutionError("<urllib3.connection.HTTPSConnection object at 0x0000017E5F196990>: Failed to resolve 'logo.clearbit.com' ([Errno 11001] getaddrinfo failed)")': /nan.com
2026-01-20 06:36:05,911 - WARNING - Retrying (Retry(total=1, connect=None, read=None, redirect=None, status=None)) after connection broken by 'NameResolutionError("<urllib3.connection.HTTPSConnection object at 0x0000017E5F196E90>: Failed to resolve 'logo.clearbit.com' ([Errno 11001] getaddrinfo failed)")': /nan.com
2026-01-20 06:36:09,912 - WARNING - Retrying (Retry(total=0, connect=None, read=None, redirect=None, status=None)) after connection broken by 'NameResolutionError("<urllib3.connection.HTTPSConnection object at 0x0000017E5F197110>: Failed to resolve 'logo.clearbit.com' ([Errno 11001] getaddrinfo failed)")': /nan.com
2026-01-20 06:36:09,916 - WARNING - Retrying (Retry(total=2, connect=None, read=None, redirect=None, status=None)) after connection broken by 'NameResolutionError("<urllib3.connection.HTTPSConnection object at 0x0000017E5ED47ED0>: Failed to resolve 'logo.clearbit.com' ([Errno 11001] getaddrinfo failed)")': /bpac11.com
2026-01-20 06:36:11,917 - WARNING - Retrying (Retry(total=1, connect=None, read=None, redirect=None, status=None)) after connection broken by 'NameResolutionError("<urllib3.connection.HTTPSConnection object at 0x0000017E5F196990>: Failed to resolve 'logo.clearbit.com' ([Errno 11001] getaddrinfo failed)")': /bpac11.com
2026-01-20 06:36:15,920 - WARNING - Retrying (Retry(total=0, connect=None, read=None, redirect=None, status=None)) after connection broken by 'NameResolutionError("<urllib3.connection.HTTPSConnection object at 0x0000017E5F197110>: Failed to resolve 'logo.clearbit.com' ([Errno 11001] getaddrinfo failed)")': /bpac11.com
2026-01-20 06:36:16,499 - WARNING - ✗ BPAC11 (nan): Kein Logo gefunden
2026-01-20 06:36:17,503 - WARNING - Retrying (Retry(total=2, connect=None, read=None, redirect=None, status=None)) after connection broken by 'NameResolutionError("<urllib3.connection.HTTPSConnection object at 0x0000017E5F196FD0>: Failed to resolve 'logo.clearbit.com' ([Errno 11001] getaddrinfo failed)")': /concentraparent,..com
2026-01-20 06:36:19,504 - WARNING - Retrying (Retry(total=1, connect=None, read=None, redirect=None, status=None)) after connection broken by 'NameResolutionError("<urllib3.connection.HTTPSConnection object at 0x0000017E5F1960D0>: Failed to resolve 'logo.clearbit.com' ([Errno 11001] getaddrinfo failed)")': /concentraparent,..com
2026-01-20 06:36:23,506 - WARNING - Retrying (Retry(total=0, connect=None, read=None, redirect=None, status=None)) after connection broken by 'NameResolutionError("<urllib3.connection.HTTPSConnection object at 0x0000017E5F1951D0>: Failed to resolve 'logo.clearbit.com' ([Errno 11001] getaddrinfo failed)")': /concentraparent,..com
2026-01-20 06:36:23,510 - WARNING - Retrying (Retry(total=2, connect=None, read=None, redirect=None, status=None)) after connection broken by 'NameResolutionError("<urllib3.connection.HTTPSConnection object at 0x0000017E5F195E50>: Failed to resolve 'logo.clearbit.com' ([Errno 11001] getaddrinfo failed)")': /con.com
2026-01-20 06:36:25,512 - WARNING - Retrying (Retry(total=1, connect=None, read=None, redirect=None, status=None)) after connection broken by 'NameResolutionError("<urllib3.connection.HTTPSConnection object at 0x0000017E5F195950>: Failed to resolve 'logo.clearbit.com' ([Errno 11001] getaddrinfo failed)")': /con.com
2026-01-20 06:36:29,515 - WARNING - Retrying (Retry(total=0, connect=None, read=None, redirect=None, status=None)) after connection broken by 'NameResolutionError("<urllib3.connection.HTTPSConnection object at 0x0000017E5F195310>: Failed to resolve 'logo.clearbit.com' ([Errno 11001] getaddrinfo failed)")': /con.com
2026-01-20 06:36:30,077 - WARNING - ✗ CON (Concentra Group Holdings Parent, Inc.): Kein Logo gefunden
2026-01-20 06:36:31,087 - WARNING - Retrying (Retry(total=2, connect=None, read=None, redirect=None, status=None)) after connection broken by 'NameResolutionError("<urllib3.connection.HTTPSConnection object at 0x0000017E5F194E10>: Failed to resolve 'logo.clearbit.com' ([Errno 11001] getaddrinfo failed)")': /recursionpharmaceuticals,..com
2026-01-20 06:36:33,088 - WARNING - Retrying (Retry(total=1, connect=None, read=None, redirect=None, status=None)) after connection broken by 'NameResolutionError("<urllib3.connection.HTTPSConnection object at 0x0000017E5F194B90>: Failed to resolve 'logo.clearbit.com' ([Errno 11001] getaddrinfo failed)")': /recursionpharmaceuticals,..com
2026-01-20 06:36:37,090 - WARNING - Retrying (Retry(total=0, connect=None, read=None, redirect=None, status=None)) after connection broken by 'NameResolutionError("<urllib3.connection.HTTPSConnection object at 0x0000017E5F194190>: Failed to resolve 'logo.clearbit.com' ([Errno 11001] getaddrinfo failed)")': /recursionpharmaceuticals,..com
2026-01-20 06:36:37,097 - WARNING - Retrying (Retry(total=2, connect=None, read=None, redirect=None, status=None)) after connection broken by 'NameResolutionError("<urllib3.connection.HTTPSConnection object at 0x0000017E5F1979D0>: Failed to resolve 'logo.clearbit.com' ([Errno 11001] getaddrinfo failed)")': /rec.com
2026-01-20 06:36:39,099 - WARNING - Retrying (Retry(total=1, connect=None, read=None, redirect=None, status=None)) after connection broken by 'NameResolutionError("<urllib3.connection.HTTPSConnection object at 0x0000017E5F197C50>: Failed to resolve 'logo.clearbit.com' ([Errno 11001] getaddrinfo failed)")': /rec.com
2026-01-20 06:36:43,100 - WARNING - Retrying (Retry(total=0, connect=None, read=None, redirect=None, status=None)) after connection broken by 'NameResolutionError("<urllib3.connection.HTTPSConnection object at 0x0000017E5F197ED0>: Failed to resolve 'logo.clearbit.com' ([Errno 11001] getaddrinfo failed)")': /rec.com
2026-01-20 06:36:43,687 - WARNING - ✗ REC (Recursion Pharmaceuticals, Inc.): Kein Logo gefunden
2026-01-20 06:36:44,726 - WARNING - Retrying (Retry(total=2, connect=None, read=None, redirect=None, status=None)) after connection broken by 'NameResolutionError("<urllib3.connection.HTTPSConnection object at 0x0000017E5F1C4410>: Failed to resolve 'logo.clearbit.com' ([Errno 11001] getaddrinfo failed)")': /chinaamcglobaletfseries-chinaamchangsengtechindexetf.com
2026-01-20 06:36:46,727 - WARNING - Retrying (Retry(total=1, connect=None, read=None, redirect=None, status=None)) after connection broken by 'NameResolutionError("<urllib3.connection.HTTPSConnection object at 0x0000017E5F1C47D0>: Failed to resolve 'logo.clearbit.com' ([Errno 11001] getaddrinfo failed)")': /chinaamcglobaletfseries-chinaamchangsengtechindexetf.com
2026-01-20 06:36:50,730 - WARNING - Retrying (Retry(total=0, connect=None, read=None, redirect=None, status=None)) after connection broken by 'NameResolutionError("<urllib3.connection.HTTPSConnection object at 0x0000017E5F1C4A50>: Failed to resolve 'logo.clearbit.com' ([Errno 11001] getaddrinfo failed)")': /chinaamcglobaletfseries-chinaamchangsengtechindexetf.com
2026-01-20 06:36:50,732 - WARNING - Retrying (Retry(total=2, connect=None, read=None, redirect=None, status=None)) after connection broken by 'NameResolutionError("<urllib3.connection.HTTPSConnection object at 0x0000017E5F1C5090>: Failed to resolve 'logo.clearbit.com' ([Errno 11001] getaddrinfo failed)")': /3088.com
2026-01-20 06:36:52,733 - WARNING - Retrying (Retry(total=1, connect=None, read=None, redirect=None, status=None)) after connection broken by 'NameResolutionError("<urllib3.connection.HTTPSConnection object at 0x0000017E5F1C5310>: Failed to resolve 'logo.clearbit.com' ([Errno 11001] getaddrinfo failed)")': /3088.com
2026-01-20 06:36:56,735 - WARNING - Retrying (Retry(total=0, connect=None, read=None, redirect=None, status=None)) after connection broken by 'NameResolutionError("<urllib3.connection.HTTPSConnection object at 0x0000017E5F1C5590>: Failed to resolve 'logo.clearbit.com' ([Errno 11001] getaddrinfo failed)")': /3088.com
2026-01-20 06:36:57,316 - WARNING - ✗ 3088 (ChinaAMC Global ETF Series - ChinaAMC Hang Seng Tech Index ETF): Kein Logo gefunden
2026-01-20 06:36:58,320 - WARNING - Retrying (Retry(total=2, connect=None, read=None, redirect=None, status=None)) after connection broken by 'NameResolutionError("<urllib3.connection.HTTPSConnection object at 0x0000017E5F1C5A90>: Failed to resolve 'logo.clearbit.com' ([Errno 11001] getaddrinfo failed)")': /qfin,..com
2026-01-20 06:37:00,321 - WARNING - Retrying (Retry(total=1, connect=None, read=None, redirect=None, status=None)) after connection broken by 'NameResolutionError("<urllib3.connection.HTTPSConnection object at 0x0000017E5F1C5E50>: Failed to resolve 'logo.clearbit.com' ([Errno 11001] getaddrinfo failed)")': /qfin,..com
2026-01-20 06:37:04,323 - WARNING - Retrying (Retry(total=0, connect=None, read=None, redirect=None, status=None)) after connection broken by 'NameResolutionError("<urllib3.connection.HTTPSConnection object at 0x0000017E5F1C60D0>: Failed to resolve 'logo.clearbit.com' ([Errno 11001] getaddrinfo failed)")': /qfin,..com
2026-01-20 06:37:04,332 - WARNING - Retrying (Retry(total=2, connect=None, read=None, redirect=None, status=None)) after connection broken by 'NameResolutionError("<urllib3.connection.HTTPSConnection object at 0x0000017E5F1C65D0>: Failed to resolve 'logo.clearbit.com' ([Errno 11001] getaddrinfo failed)")': /qfin.com
2026-01-20 06:37:06,333 - WARNING - Retrying (Retry(total=1, connect=None, read=None, redirect=None, status=None)) after connection broken by 'NameResolutionError("<urllib3.connection.HTTPSConnection object at 0x0000017E5F1C6990>: Failed to resolve 'logo.clearbit.com' ([Errno 11001] getaddrinfo failed)")': /qfin.com
2026-01-20 06:37:10,335 - WARNING - Retrying (Retry(total=0, connect=None, read=None, redirect=None, status=None)) after connection broken by 'NameResolutionError("<urllib3.connection.HTTPSConnection object at 0x0000017E5F1C6C10>: Failed to resolve 'logo.clearbit.com' ([Errno 11001] getaddrinfo failed)")': /qfin.com
2026-01-20 06:37:10,674 - WARNING - ✗ QFIN (Qfin Holdings, Inc.): Kein Logo gefunden
2026-01-20 06:37:11,686 - WARNING - Retrying (Retry(total=2, connect=None, read=None, redirect=None, status=None)) after connection broken by 'NameResolutionError("<urllib3.connection.HTTPSConnection object at 0x0000017E5F1C7110>: Failed to resolve 'logo.clearbit.com' ([Errno 11001] getaddrinfo failed)")': /gesheracquisition.ii.com
2026-01-20 06:37:13,687 - WARNING - Retrying (Retry(total=1, connect=None, read=None, redirect=None, status=None)) after connection broken by 'NameResolutionError("<urllib3.connection.HTTPSConnection object at 0x0000017E5F1C74D0>: Failed to resolve 'logo.clearbit.com' ([Errno 11001] getaddrinfo failed)")': /gesheracquisition.ii.com
2026-01-20 06:37:17,690 - WARNING - Retrying (Retry(total=0, connect=None, read=None, redirect=None, status=None)) after connection broken by 'NameResolutionError("<urllib3.connection.HTTPSConnection object at 0x0000017E5F1C7750>: Failed to resolve 'logo.clearbit.com' ([Errno 11001] getaddrinfo failed)")': /gesheracquisition.ii.com
2026-01-20 06:37:17,697 - WARNING - Retrying (Retry(total=2, connect=None, read=None, redirect=None, status=None)) after connection broken by 'NameResolutionError("<urllib3.connection.HTTPSConnection object at 0x0000017E5F1C7D90>: Failed to resolve 'logo.clearbit.com' ([Errno 11001] getaddrinfo failed)")': /ac*.com
2026-01-20 06:37:19,699 - WARNING - Retrying (Retry(total=1, connect=None, read=None, redirect=None, status=None)) after connection broken by 'NameResolutionError("<urllib3.connection.HTTPSConnection object at 0x0000017E5F1FC050>: Failed to resolve 'logo.clearbit.com' ([Errno 11001] getaddrinfo failed)")': /ac*.com
2026-01-20 06:37:23,709 - WARNING - Retrying (Retry(total=0, connect=None, read=None, redirect=None, status=None)) after connection broken by 'NameResolutionError("<urllib3.connection.HTTPSConnection object at 0x0000017E5F1FC2D0>: Failed to resolve 'logo.clearbit.com' ([Errno 11001] getaddrinfo failed)")': /ac*.com
2026-01-20 06:37:23,983 - WARNING - ✗ AC* (Gesher Acquisition Corp. II): Kein Logo gefunden
2026-01-20 06:37:24,990 - WARNING - Retrying (Retry(total=2, connect=None, read=None, redirect=None, status=None)) after connection broken by 'NameResolutionError("<urllib3.connection.HTTPSConnection object at 0x0000017E5ED47ED0>: Failed to resolve 'logo.clearbit.com' ([Errno 11001] getaddrinfo failed)")': /kanzhun.com
2026-01-20 06:37:26,991 - WARNING - Retrying (Retry(total=1, connect=None, read=None, redirect=None, status=None)) after connection broken by 'NameResolutionError("<urllib3.connection.HTTPSConnection object at 0x0000017E5F197C50>: Failed to resolve 'logo.clearbit.com' ([Errno 11001] getaddrinfo failed)")': /kanzhun.com
2026-01-20 06:37:30,993 - WARNING - Retrying (Retry(total=0, connect=None, read=None, redirect=None, status=None)) after connection broken by 'NameResolutionError("<urllib3.connection.HTTPSConnection object at 0x0000017E5F197D90>: Failed to resolve 'logo.clearbit.com' ([Errno 11001] getaddrinfo failed)")': /kanzhun.com
2026-01-20 06:37:31,001 - WARNING - Retrying (Retry(total=2, connect=None, read=None, redirect=None, status=None)) after connection broken by 'NameResolutionError("<urllib3.connection.HTTPSConnection object at 0x0000017E5F194B90>: Failed to resolve 'logo.clearbit.com' ([Errno 11001] getaddrinfo failed)")': /bz.com
2026-01-20 06:37:33,003 - WARNING - Retrying (Retry(total=1, connect=None, read=None, redirect=None, status=None)) after connection broken by 'NameResolutionError("<urllib3.connection.HTTPSConnection object at 0x0000017E5F1947D0>: Failed to resolve 'logo.clearbit.com' ([Errno 11001] getaddrinfo failed)")': /bz.com
2026-01-20 06:37:37,006 - WARNING - Retrying (Retry(total=0, connect=None, read=None, redirect=None, status=None)) after connection broken by 'NameResolutionError("<urllib3.connection.HTTPSConnection object at 0x0000017E5F194F50>: Failed to resolve 'logo.clearbit.com' ([Errno 11001] getaddrinfo failed)")': /bz.com
2026-01-20 06:37:37,632 - WARNING - ✗ BZ (Kanzhun Limited): Kein Logo gefunden
2026-01-20 06:37:38,651 - WARNING - Retrying (Retry(total=2, connect=None, read=None, redirect=None, status=None)) after connection broken by 'NameResolutionError("<urllib3.connection.HTTPSConnection object at 0x0000017E5F195950>: Failed to resolve 'logo.clearbit.com' ([Errno 11001] getaddrinfo failed)")': /coca-colafemsa,b.dec.v..com
2026-01-20 06:37:40,653 - WARNING - Retrying (Retry(total=1, connect=None, read=None, redirect=None, status=None)) after connection broken by 'NameResolutionError("<urllib3.connection.HTTPSConnection object at 0x0000017E5F194CD0>: Failed to resolve 'logo.clearbit.com' ([Errno 11001] getaddrinfo failed)")': /coca-colafemsa,b.dec.v..com
2026-01-20 06:37:44,656 - WARNING - Retrying (Retry(total=0, connect=None, read=None, redirect=None, status=None)) after connection broken by 'NameResolutionError("<urllib3.connection.HTTPSConnection object at 0x0000017E5F1956D0>: Failed to resolve 'logo.clearbit.com' ([Errno 11001] getaddrinfo failed)")': /coca-colafemsa,b.dec.v..com
2026-01-20 06:37:44,663 - WARNING - Retrying (Retry(total=2, connect=None, read=None, redirect=None, status=None)) after connection broken by 'NameResolutionError("<urllib3.connection.HTTPSConnection object at 0x0000017E5F1951D0>: Failed to resolve 'logo.clearbit.com' ([Errno 11001] getaddrinfo failed)")': /kofubl.com
2026-01-20 06:37:46,665 - WARNING - Retrying (Retry(total=1, connect=None, read=None, redirect=None, status=None)) after connection broken by 'NameResolutionError("<urllib3.connection.HTTPSConnection object at 0x0000017E5F195A90>: Failed to resolve 'logo.clearbit.com' ([Errno 11001] getaddrinfo failed)")': /kofubl.com
2026-01-20 06:37:50,666 - WARNING - Retrying (Retry(total=0, connect=None, read=None, redirect=None, status=None)) after connection broken by 'NameResolutionError("<urllib3.connection.HTTPSConnection object at 0x0000017E5F195450>: Failed to resolve 'logo.clearbit.com' ([Errno 11001] getaddrinfo failed)")': /kofubl.com
2026-01-20 06:37:50,929 - WARNING - ✗ KOFUBL (Coca-Cola FEMSA, S.A.B. de C.V.): Kein Logo gefunden
2026-01-20 06:37:51,956 - WARNING - Retrying (Retry(total=2, connect=None, read=None, redirect=None, status=None)) after connection broken by 'NameResolutionError("<urllib3.connection.HTTPSConnection object at 0x0000017E5F197110>: Failed to resolve 'logo.clearbit.com' ([Errno 11001] getaddrinfo failed)")': /pen/xdr.com
2026-01-20 06:37:53,957 - WARNING - Retrying (Retry(total=1, connect=None, read=None, redirect=None, status=None)) after connection broken by 'NameResolutionError("<urllib3.connection.HTTPSConnection object at 0x0000017E5F197390>: Failed to resolve 'logo.clearbit.com' ([Errno 11001] getaddrinfo failed)")': /pen/xdr.com
2026-01-20 06:37:57,960 - WARNING - Retrying (Retry(total=0, connect=None, read=None, redirect=None, status=None)) after connection broken by 'NameResolutionError("<urllib3.connection.HTTPSConnection object at 0x0000017E5F197750>: Failed to resolve 'logo.clearbit.com' ([Errno 11001] getaddrinfo failed)")': /pen/xdr.com
2026-01-20 06:37:57,966 - WARNING - Retrying (Retry(total=2, connect=None, read=None, redirect=None, status=None)) after connection broken by 'NameResolutionError("<urllib3.connection.HTTPSConnection object at 0x0000017E5F1E4410>: Failed to resolve 'logo.clearbit.com' ([Errno 11001] getaddrinfo failed)")': /pe&oles*.com
2026-01-20 06:37:59,968 - WARNING - Retrying (Retry(total=1, connect=None, read=None, redirect=None, status=None)) after connection broken by 'NameResolutionError("<urllib3.connection.HTTPSConnection object at 0x0000017E5F1E47D0>: Failed to resolve 'logo.clearbit.com' ([Errno 11001] getaddrinfo failed)")': /pe&oles*.com
2026-01-20 06:38:03,971 - WARNING - Retrying (Retry(total=0, connect=None, read=None, redirect=None, status=None)) after connection broken by 'NameResolutionError("<urllib3.connection.HTTPSConnection object at 0x0000017E5F1E4A50>: Failed to resolve 'logo.clearbit.com' ([Errno 11001] getaddrinfo failed)")': /pe&oles*.com
2026-01-20 06:38:04,281 - WARNING - ✗ PE&OLES* (PEN/XDR): Kein Logo gefunden
2026-01-20 06:38:05,287 - WARNING - Retrying (Retry(total=2, connect=None, read=None, redirect=None, status=None)) after connection broken by 'NameResolutionError("<urllib3.connection.HTTPSConnection object at 0x0000017E5F1E4F50>: Failed to resolve 'logo.clearbit.com' ([Errno 11001] getaddrinfo failed)")': /brookfieldrenewable.com
2026-01-20 06:38:07,288 - WARNING - Retrying (Retry(total=1, connect=None, read=None, redirect=None, status=None)) after connection broken by 'NameResolutionError("<urllib3.connection.HTTPSConnection object at 0x0000017E5F1E5310>: Failed to resolve 'logo.clearbit.com' ([Errno 11001] getaddrinfo failed)")': /brookfieldrenewable.com
2026-01-20 06:38:11,291 - WARNING - Retrying (Retry(total=0, connect=None, read=None, redirect=None, status=None)) after connection broken by 'NameResolutionError("<urllib3.connection.HTTPSConnection object at 0x0000017E5F1E5590>: Failed to resolve 'logo.clearbit.com' ([Errno 11001] getaddrinfo failed)")': /brookfieldrenewable.com
2026-01-20 06:38:11,293 - WARNING - Retrying (Retry(total=2, connect=None, read=None, redirect=None, status=None)) after connection broken by 'NameResolutionError("<urllib3.connection.HTTPSConnection object at 0x0000017E5F1E5BD0>: Failed to resolve 'logo.clearbit.com' ([Errno 11001] getaddrinfo failed)")': /bepc.com
2026-01-20 06:38:13,293 - WARNING - Retrying (Retry(total=1, connect=None, read=None, redirect=None, status=None)) after connection broken by 'NameResolutionError("<urllib3.connection.HTTPSConnection object at 0x0000017E5F1E5E50>: Failed to resolve 'logo.clearbit.com' ([Errno 11001] getaddrinfo failed)")': /bepc.com
2026-01-20 06:38:17,294 - WARNING - Retrying (Retry(total=0, connect=None, read=None, redirect=None, status=None)) after connection broken by 'NameResolutionError("<urllib3.connection.HTTPSConnection object at 0x0000017E5F1E60D0>: Failed to resolve 'logo.clearbit.com' ([Errno 11001] getaddrinfo failed)")': /bepc.com
2026-01-20 06:38:17,557 - WARNING - ✗ BEPC (Brookfield Renewable Corporation): Kein Logo gefunden
2026-01-20 06:38:18,578 - WARNING - Retrying (Retry(total=2, connect=None, read=None, redirect=None, status=None)) after connection broken by 'NameResolutionError("<urllib3.connection.HTTPSConnection object at 0x0000017E5F1E65D0>: Failed to resolve 'logo.clearbit.com' ([Errno 11001] getaddrinfo failed)")': /naturalresourcepartnersl.p..com
2026-01-20 06:38:20,579 - WARNING - Retrying (Retry(total=1, connect=None, read=None, redirect=None, status=None)) after connection broken by 'NameResolutionError("<urllib3.connection.HTTPSConnection object at 0x0000017E5F1E6990>: Failed to resolve 'logo.clearbit.com' ([Errno 11001] getaddrinfo failed)")': /naturalresourcepartnersl.p..com
2026-01-20 06:38:24,587 - WARNING - Retrying (Retry(total=0, connect=None, read=None, redirect=None, status=None)) after connection broken by 'NameResolutionError("<urllib3.connection.HTTPSConnection object at 0x0000017E5F1E6C10>: Failed to resolve 'logo.clearbit.com' ([Errno 11001] getaddrinfo failed)")': /naturalresourcepartnersl.p..com
2026-01-20 06:38:24,593 - WARNING - Retrying (Retry(total=2, connect=None, read=None, redirect=None, status=None)) after connection broken by 'NameResolutionError("<urllib3.connection.HTTPSConnection object at 0x0000017E5F1E7250>: Failed to resolve 'logo.clearbit.com' ([Errno 11001] getaddrinfo failed)")': /nrp.com
2026-01-20 06:38:26,595 - WARNING - Retrying (Retry(total=1, connect=None, read=None, redirect=None, status=None)) after connection broken by 'NameResolutionError("<urllib3.connection.HTTPSConnection object at 0x0000017E5F1E74D0>: Failed to resolve 'logo.clearbit.com' ([Errno 11001] getaddrinfo failed)")': /nrp.com
2026-01-20 06:38:30,598 - WARNING - Retrying (Retry(total=0, connect=None, read=None, redirect=None, status=None)) after connection broken by 'NameResolutionError("<urllib3.connection.HTTPSConnection object at 0x0000017E5F1E7750>: Failed to resolve 'logo.clearbit.com' ([Errno 11001] getaddrinfo failed)")': /nrp.com
2026-01-20 06:38:31,165 - WARNING - ✗ NRP (Natural Resource Partners L.P.): Kein Logo gefunden
2026-01-20 06:38:32,179 - WARNING - Retrying (Retry(total=2, connect=None, read=None, redirect=None, status=None)) after connection broken by 'NameResolutionError("<urllib3.connection.HTTPSConnection object at 0x0000017E5F1E7C50>: Failed to resolve 'logo.clearbit.com' ([Errno 11001] getaddrinfo failed)")': /autohome..com
2026-01-20 06:38:34,180 - WARNING - Retrying (Retry(total=1, connect=None, read=None, redirect=None, status=None)) after connection broken by 'NameResolutionError("<urllib3.connection.HTTPSConnection object at 0x0000017E5F1A4050>: Failed to resolve 'logo.clearbit.com' ([Errno 11001] getaddrinfo failed)")': /autohome..com
2026-01-20 06:38:38,182 - WARNING - Retrying (Retry(total=0, connect=None, read=None, redirect=None, status=None)) after connection broken by 'NameResolutionError("<urllib3.connection.HTTPSConnection object at 0x0000017E5F1A42D0>: Failed to resolve 'logo.clearbit.com' ([Errno 11001] getaddrinfo failed)")': /autohome..com
2026-01-20 06:38:38,189 - WARNING - Retrying (Retry(total=2, connect=None, read=None, redirect=None, status=None)) after connection broken by 'NameResolutionError("<urllib3.connection.HTTPSConnection object at 0x0000017E5F1A47D0>: Failed to resolve 'logo.clearbit.com' ([Errno 11001] getaddrinfo failed)")': /athm.com
2026-01-20 06:38:40,194 - WARNING - Retrying (Retry(total=1, connect=None, read=None, redirect=None, status=None)) after connection broken by 'NameResolutionError("<urllib3.connection.HTTPSConnection object at 0x0000017E5F1A4B90>: Failed to resolve 'logo.clearbit.com' ([Errno 11001] getaddrinfo failed)")': /athm.com
2026-01-20 06:38:44,196 - WARNING - Retrying (Retry(total=0, connect=None, read=None, redirect=None, status=None)) after connection broken by 'NameResolutionError("<urllib3.connection.HTTPSConnection object at 0x0000017E5ED47ED0>: Failed to resolve 'logo.clearbit.com' ([Errno 11001] getaddrinfo failed)")': /athm.com
2026-01-20 06:38:44,756 - WARNING - ✗ ATHM (Autohome Inc.): Kein Logo gefunden
2026-01-20 06:38:45,787 - WARNING - Retrying (Retry(total=2, connect=None, read=None, redirect=None, status=None)) after connection broken by 'NameResolutionError("<urllib3.connection.HTTPSConnection object at 0x0000017E5F196E90>: Failed to resolve 'logo.clearbit.com' ([Errno 11001] getaddrinfo failed)")': /shandongweigaomedicalpolymer.com
2026-01-20 06:38:47,789 - WARNING - Retrying (Retry(total=1, connect=None, read=None, redirect=None, status=None)) after connection broken by 'NameResolutionError("<urllib3.connection.HTTPSConnection object at 0x0000017E5F1951D0>: Failed to resolve 'logo.clearbit.com' ([Errno 11001] getaddrinfo failed)")': /shandongweigaomedicalpolymer.com
2026-01-20 06:38:51,791 - WARNING - Retrying (Retry(total=0, connect=None, read=None, redirect=None, status=None)) after connection broken by 'NameResolutionError("<urllib3.connection.HTTPSConnection object at 0x0000017E5F195450>: Failed to resolve 'logo.clearbit.com' ([Errno 11001] getaddrinfo failed)")': /shandongweigaomedicalpolymer.com
2026-01-20 06:38:51,793 - WARNING - Retrying (Retry(total=2, connect=None, read=None, redirect=None, status=None)) after connection broken by 'NameResolutionError("<urllib3.connection.HTTPSConnection object at 0x0000017E5F195810>: Failed to resolve 'logo.clearbit.com' ([Errno 11001] getaddrinfo failed)")': /1066.com
2026-01-20 06:38:53,794 - WARNING - Retrying (Retry(total=1, connect=None, read=None, redirect=None, status=None)) after connection broken by 'NameResolutionError("<urllib3.connection.HTTPSConnection object at 0x0000017E5F195950>: Failed to resolve 'logo.clearbit.com' ([Errno 11001] getaddrinfo failed)")': /1066.com
2026-01-20 06:38:57,797 - WARNING - Retrying (Retry(total=0, connect=None, read=None, redirect=None, status=None)) after connection broken by 'NameResolutionError("<urllib3.connection.HTTPSConnection object at 0x0000017E5F1956D0>: Failed to resolve 'logo.clearbit.com' ([Errno 11001] getaddrinfo failed)")': /1066.com
2026-01-20 06:38:58,118 - WARNING - ✗ 1066 (Shandong Weigao Group Medical Polymer Company Limited): Kein Logo gefunden
2026-01-20 06:38:59,144 - WARNING - Retrying (Retry(total=2, connect=None, read=None, redirect=None, status=None)) after connection broken by 'NameResolutionError("<urllib3.connection.HTTPSConnection object at 0x0000017E5F194050>: Failed to resolve 'logo.clearbit.com' ([Errno 11001] getaddrinfo failed)")': /vaneckpharmaceuticaletf.com
2026-01-20 06:39:01,144 - WARNING - Retrying (Retry(total=1, connect=None, read=None, redirect=None, status=None)) after connection broken by 'NameResolutionError("<urllib3.connection.HTTPSConnection object at 0x0000017E5F194B90>: Failed to resolve 'logo.clearbit.com' ([Errno 11001] getaddrinfo failed)")': /vaneckpharmaceuticaletf.com
2026-01-20 06:39:05,146 - WARNING - Retrying (Retry(total=0, connect=None, read=None, redirect=None, status=None)) after connection broken by 'NameResolutionError("<urllib3.connection.HTTPSConnection object at 0x0000017E5F194F50>: Failed to resolve 'logo.clearbit.com' ([Errno 11001] getaddrinfo failed)")': /vaneckpharmaceuticaletf.com
2026-01-20 06:39:05,153 - WARNING - Retrying (Retry(total=2, connect=None, read=None, redirect=None, status=None)) after connection broken by 'NameResolutionError("<urllib3.connection.HTTPSConnection object at 0x0000017E5F1942D0>: Failed to resolve 'logo.clearbit.com' ([Errno 11001] getaddrinfo failed)")': /pph.com
2026-01-20 06:39:07,155 - WARNING - Retrying (Retry(total=1, connect=None, read=None, redirect=None, status=None)) after connection broken by 'NameResolutionError("<urllib3.connection.HTTPSConnection object at 0x0000017E5F197C50>: Failed to resolve 'logo.clearbit.com' ([Errno 11001] getaddrinfo failed)")': /pph.com
2026-01-20 06:39:11,157 - WARNING - Retrying (Retry(total=0, connect=None, read=None, redirect=None, status=None)) after connection broken by 'NameResolutionError("<urllib3.connection.HTTPSConnection object at 0x0000017E5F197890>: Failed to resolve 'logo.clearbit.com' ([Errno 11001] getaddrinfo failed)")': /pph.com
2026-01-20 06:39:11,725 - WARNING - ✗ PPH (VanEck Pharmaceutical ETF): Kein Logo gefunden
2026-01-20 06:39:12,733 - WARNING - Retrying (Retry(total=2, connect=None, read=None, redirect=None, status=None)) after connection broken by 'NameResolutionError("<urllib3.connection.HTTPSConnection object at 0x0000017E5F1979D0>: Failed to resolve 'logo.clearbit.com' ([Errno 11001] getaddrinfo failed)")': /okamurafoods.,..com
2026-01-20 06:39:14,735 - WARNING - Retrying (Retry(total=1, connect=None, read=None, redirect=None, status=None)) after connection broken by 'NameResolutionError("<urllib3.connection.HTTPSConnection object at 0x0000017E5F1A42D0>: Failed to resolve 'logo.clearbit.com' ([Errno 11001] getaddrinfo failed)")': /okamurafoods.,..com
2026-01-20 06:39:18,737 - WARNING - Retrying (Retry(total=0, connect=None, read=None, redirect=None, status=None)) after connection broken by 'NameResolutionError("<urllib3.connection.HTTPSConnection object at 0x0000017E5F1A4690>: Failed to resolve 'logo.clearbit.com' ([Errno 11001] getaddrinfo failed)")': /okamurafoods.,..com
2026-01-20 06:39:18,739 - WARNING - Retrying (Retry(total=2, connect=None, read=None, redirect=None, status=None)) after connection broken by 'NameResolutionError("<urllib3.connection.HTTPSConnection object at 0x0000017E5F1A5090>: Failed to resolve 'logo.clearbit.com' ([Errno 11001] getaddrinfo failed)")': /2938.com
2026-01-20 06:39:20,740 - WARNING - Retrying (Retry(total=1, connect=None, read=None, redirect=None, status=None)) after connection broken by 'NameResolutionError("<urllib3.connection.HTTPSConnection object at 0x0000017E5F1A5310>: Failed to resolve 'logo.clearbit.com' ([Errno 11001] getaddrinfo failed)")': /2938.com
2026-01-20 06:39:24,747 - WARNING - Retrying (Retry(total=0, connect=None, read=None, redirect=None, status=None)) after connection broken by 'NameResolutionError("<urllib3.connection.HTTPSConnection object at 0x0000017E5F1A5590>: Failed to resolve 'logo.clearbit.com' ([Errno 11001] getaddrinfo failed)")': /2938.com
2026-01-20 06:39:25,337 - WARNING - ✗ 2938 (Okamura Foods Co., Ltd.): Kein Logo gefunden
2026-01-20 06:39:26,351 - WARNING - Retrying (Retry(total=2, connect=None, read=None, redirect=None, status=None)) after connection broken by 'NameResolutionError("<urllib3.connection.HTTPSConnection object at 0x0000017E5F1A5A90>: Failed to resolve 'logo.clearbit.com' ([Errno 11001] getaddrinfo failed)")': /nan.com
2026-01-20 06:39:28,352 - WARNING - Retrying (Retry(total=1, connect=None, read=None, redirect=None, status=None)) after connection broken by 'NameResolutionError("<urllib3.connection.HTTPSConnection object at 0x0000017E5F1A5E50>: Failed to resolve 'logo.clearbit.com' ([Errno 11001] getaddrinfo failed)")': /nan.com
2026-01-20 06:39:32,353 - WARNING - Retrying (Retry(total=0, connect=None, read=None, redirect=None, status=None)) after connection broken by 'NameResolutionError("<urllib3.connection.HTTPSConnection object at 0x0000017E5F1A60D0>: Failed to resolve 'logo.clearbit.com' ([Errno 11001] getaddrinfo failed)")': /nan.com
2026-01-20 06:39:32,359 - WARNING - Retrying (Retry(total=2, connect=None, read=None, redirect=None, status=None)) after connection broken by 'NameResolutionError("<urllib3.connection.HTTPSConnection object at 0x0000017E5F1A65D0>: Failed to resolve 'logo.clearbit.com' ([Errno 11001] getaddrinfo failed)")': /itsa2.com
2026-01-20 06:39:34,362 - WARNING - Retrying (Retry(total=1, connect=None, read=None, redirect=None, status=None)) after connection broken by 'NameResolutionError("<urllib3.connection.HTTPSConnection object at 0x0000017E5F1A6990>: Failed to resolve 'logo.clearbit.com' ([Errno 11001] getaddrinfo failed)")': /itsa2.com
2026-01-20 06:39:38,364 - WARNING - Retrying (Retry(total=0, connect=None, read=None, redirect=None, status=None)) after connection broken by 'NameResolutionError("<urllib3.connection.HTTPSConnection object at 0x0000017E5F1A6C10>: Failed to resolve 'logo.clearbit.com' ([Errno 11001] getaddrinfo failed)")': /itsa2.com
2026-01-20 06:39:38,984 - WARNING - ✗ ITSA2 (nan): Kein Logo gefunden
2026-01-20 06:39:39,993 - INFO - 
============================================================
2026-01-20 06:39:39,993 - INFO - ZUSAMMENFASSUNG
2026-01-20 06:39:39,993 - INFO - ============================================================
2026-01-20 06:39:39,993 - INFO - Gesamt:              2090
2026-01-20 06:39:39,993 - INFO - Erfolgreich:         2073
2026-01-20 06:39:39,993 - INFO -   - Bereits vorhanden: 2073
2026-01-20 06:39:39,993 - INFO -   - Neu heruntergeladen: 0
2026-01-20 06:39:39,993 - INFO - Fehlgeschlagen:      17
2026-01-20 06:39:39,993 - INFO - 
2026-01-20 06:39:39,997 - INFO - 
Fehlgeschlagene Downloads gespeichert in: C:\Users\fhofmann\Documents\Aktien-Tool2\logos_failed.csv
2026-01-20 06:39:39,997 - INFO - Anzahl: 17
2026-01-20 06:39:39,997 - INFO - 
============================================================
2026-01-20 06:39:39,997 - INFO - Logo Download abgeschlossen!
2026-01-20 06:39:39,997 - INFO - ============================================================
